2022-01-07 18:34:56,378 - INFO - naked : Asteroid processing service
2022-01-07 18:34:56,378 - INFO - naked : Loading configuration from file
2022-01-07 18:34:56,380 - INFO - naked : Connecting to MySQL DB
2022-01-07 18:34:56,381 - INFO - naked : Connected to MySQL database. MySQL Server version on 5.5.5-10.3.32-MariaDB-0ubuntu0.20.04.1
2022-01-07 18:34:56,382 - DEBUG - naked : Your connected to - ('asteroids_s50',)
2022-01-07 18:34:56,382 - DEBUG - naked : Generated today's date: 2022-01-07
2022-01-07 18:34:56,382 - DEBUG - naked : Request url: https://api.nasa.gov/neo/rest/v1/feed?start_date=2022-01-07&end_date=2022-01-07&api_key=RgUTPacsFnnUfcD42tHOoLh5eCJ7hvnEsT9bDoI6
2022-01-07 18:34:56,904 - DEBUG - naked : Response status code: 200
2022-01-07 18:34:56,905 - DEBUG - naked : Response headers: {'Date': 'Fri, 07 Jan 2022 18:34:56 GMT', 'Content-Type': 'application/json;charset=UTF-8', 'Transfer-Encoding': 'chunked', 'Connection': 'keep-alive', 'Vary': 'Accept-Encoding', 'X-RateLimit-Limit': '1000', 'X-RateLimit-Remaining': '999', 'Access-Control-Allow-Origin': '*', 'Access-Control-Allow-Methods': 'POST,GET', 'Access-Control-Max-Age': '3600', 'Access-Control-Allow-Headers': 'Origin, X-Requested-With, Content-Type, Accept', 'X-Content-Type-Options': 'nosniff', 'X-Xss-Protection': '1; mode=block', 'Via': '1.1 vegur, http/1.1 api-umbrella (ApacheTrafficServer [cMsSf ])', 'Age': '0', 'X-Cache': 'MISS', 'Strict-Transport-Security': 'max-age=31536000; preload', 'Content-Encoding': 'gzip'}
2022-01-07 18:34:56,905 - DEBUG - naked : Response content: {"links":{"next":"http://www.neowsapp.com/rest/v1/feed?start_date=2022-01-08&end_date=2022-01-08&detailed=false&api_key=RgUTPacsFnnUfcD42tHOoLh5eCJ7hvnEsT9bDoI6","prev":"http://www.neowsapp.com/rest/v1/feed?start_date=2022-01-06&end_date=2022-01-06&detailed=false&api_key=RgUTPacsFnnUfcD42tHOoLh5eCJ7hvnEsT9bDoI6","self":"http://www.neowsapp.com/rest/v1/feed?start_date=2022-01-07&end_date=2022-01-07&detailed=false&api_key=RgUTPacsFnnUfcD42tHOoLh5eCJ7hvnEsT9bDoI6"},"element_count":3,"near_earth_objects":{"2022-01-07":[{"links":{"self":"http://www.neowsapp.com/rest/v1/neo/2216523?api_key=RgUTPacsFnnUfcD42tHOoLh5eCJ7hvnEsT9bDoI6"},"id":"2216523","neo_reference_id":"2216523","name":"216523 (2001 HY7)","nasa_jpl_url":"http://ssd.jpl.nasa.gov/sbdb.cgi?sstr=2216523","absolute_magnitude_h":20.6,"estimated_diameter":{"kilometers":{"estimated_diameter_min":0.2016299194,"estimated_diameter_max":0.4508582062},"meters":{"estimated_diameter_min":201.6299194428,"estimated_diameter_max":450.8582061718},"miles":{"estimated_diameter_min":0.1252869847,"estimated_diameter_max":0.2801502144},"feet":{"estimated_diameter_min":661.5155049046,"estimated_diameter_max":1479.1936371367}},"is_potentially_hazardous_asteroid":true,"close_approach_data":[{"close_approach_date":"2022-01-07","close_approach_date_full":"2022-Jan-07 06:54","epoch_date_close_approach":1641538440000,"relative_velocity":{"kilometers_per_second":"13.0121748135","kilometers_per_hour":"46843.8293287372","miles_per_hour":"29106.9338404034"},"miss_distance":{"astronomical":"0.3880909865","lunar":"150.9673937485","kilometers":"58057584.946598755","miles":"36075310.451442619"},"orbiting_body":"Earth"}],"is_sentry_object":false},{"links":{"self":"http://www.neowsapp.com/rest/v1/neo/2494697?api_key=RgUTPacsFnnUfcD42tHOoLh5eCJ7hvnEsT9bDoI6"},"id":"2494697","neo_reference_id":"2494697","name":"494697 (2004 SW55)","nasa_jpl_url":"http://ssd.jpl.nasa.gov/sbdb.cgi?sstr=2494697","absolute_magnitude_h":20.7,"estimated_diameter":{"kilometers":{"estimated_diameter_min":0.1925550782,"estimated_diameter_max":0.4305662442},"meters":{"estimated_diameter_min":192.5550781879,"estimated_diameter_max":430.566244241},"miles":{"estimated_diameter_min":0.1196481415,"estimated_diameter_max":0.2675413778},"feet":{"estimated_diameter_min":631.7424027221,"estimated_diameter_max":1412.6189567557}},"is_potentially_hazardous_asteroid":true,"close_approach_data":[{"close_approach_date":"2022-01-07","close_approach_date_full":"2022-Jan-07 12:09","epoch_date_close_approach":1641557340000,"relative_velocity":{"kilometers_per_second":"10.0477824447","kilometers_per_hour":"36172.0168009452","miles_per_hour":"22475.8845505651"},"miss_distance":{"astronomical":"0.1338700539","lunar":"52.0754509671","kilometers":"20026674.920225193","miles":"12443998.7595379434"},"orbiting_body":"Earth"}],"is_sentry_object":false},{"links":{"self":"http://www.neowsapp.com/rest/v1/neo/2496860?api_key=RgUTPacsFnnUfcD42tHOoLh5eCJ7hvnEsT9bDoI6"},"id":"2496860","neo_reference_id":"2496860","name":"496860 (1999 XL136)","nasa_jpl_url":"http://ssd.jpl.nasa.gov/sbdb.cgi?sstr=2496860","absolute_magnitude_h":19.5,"estimated_diameter":{"kilometers":{"estimated_diameter_min":0.3346223745,"estimated_diameter_max":0.7482383761},"meters":{"estimated_diameter_min":334.6223744549,"estimated_diameter_max":748.2383760735},"miles":{"estimated_diameter_min":0.2079246394,"estimated_diameter_max":0.464933628},"feet":{"estimated_diameter_min":1097.8424710066,"estimated_diameter_max":2454.8503937571}},"is_potentially_hazardous_asteroid":true,"close_approach_data":[{"close_approach_date":"2022-01-07","close_approach_date_full":"2022-Jan-07 02:07","epoch_date_close_approach":1641521220000,"relative_velocity":{"kilometers_per_second":"16.7624379268","kilometers_per_hour":"60344.7765366553","miles_per_hour":"37495.8973985679"},"miss_distance":{"astronomical":"0.0895472116","lunar":"34.8338653124","kilometers":"13396072.119799292","miles":"8323933.2293305496"},"orbiting_body":"Earth"}],"is_sentry_object":false}]}}
2022-01-07 18:34:56,906 - INFO - naked : Asteroid count today: 3
2022-01-07 18:34:56,906 - INFO - naked : ------------------------------------------------------- >>
2022-01-07 18:34:56,906 - INFO - naked : Asteroid name: 216523 (2001 HY7) | INFO: http://ssd.jpl.nasa.gov/sbdb.cgi?sstr=2216523 | Diameter: 0.202 - 0.451 km | Hazardous: True
2022-01-07 18:34:56,906 - INFO - naked : Close approach TS: 1641538440 | Date/time UTC TZ: 2022-01-07 06:54:00 | Local TZ: 2022-01-07 06:54:00
2022-01-07 18:34:56,906 - INFO - naked : Speed: 46843 km/h | MISS distance: 58057584.947 km
2022-01-07 18:34:56,906 - INFO - naked : ------------------------------------------------------- >>
2022-01-07 18:34:56,906 - INFO - naked : Asteroid name: 494697 (2004 SW55) | INFO: http://ssd.jpl.nasa.gov/sbdb.cgi?sstr=2494697 | Diameter: 0.193 - 0.431 km | Hazardous: True
2022-01-07 18:34:56,906 - INFO - naked : Close approach TS: 1641557340 | Date/time UTC TZ: 2022-01-07 12:09:00 | Local TZ: 2022-01-07 12:09:00
2022-01-07 18:34:56,906 - INFO - naked : Speed: 36172 km/h | MISS distance: 20026674.92 km
2022-01-07 18:34:56,907 - INFO - naked : ------------------------------------------------------- >>
2022-01-07 18:34:56,907 - INFO - naked : Asteroid name: 496860 (1999 XL136) | INFO: http://ssd.jpl.nasa.gov/sbdb.cgi?sstr=2496860 | Diameter: 0.335 - 0.748 km | Hazardous: True
2022-01-07 18:34:56,907 - INFO - naked : Close approach TS: 1641521220 | Date/time UTC TZ: 2022-01-07 02:07:00 | Local TZ: 2022-01-07 02:07:00
2022-01-07 18:34:56,907 - INFO - naked : Speed: 60344 km/h | MISS distance: 13396072.12 km
2022-01-07 18:34:56,907 - INFO - naked : Hazardous asteorids: 3 | Safe asteroids: 0
2022-01-07 18:34:56,907 - INFO - naked : Today's possible apocalypse (asteroid impact on earth) times:
2022-01-07 18:34:56,907 - INFO - naked : 2022-01-07 02:07:00 496860 (1999 XL136)  | more info: http://ssd.jpl.nasa.gov/sbdb.cgi?sstr=2496860
2022-01-07 18:34:56,907 - INFO - naked : 2022-01-07 06:54:00 216523 (2001 HY7)  | more info: http://ssd.jpl.nasa.gov/sbdb.cgi?sstr=2216523
2022-01-07 18:34:56,907 - INFO - naked : 2022-01-07 12:09:00 494697 (2004 SW55)  | more info: http://ssd.jpl.nasa.gov/sbdb.cgi?sstr=2494697
2022-01-07 18:34:56,907 - INFO - naked : Closest passing distance is for: 496860 (1999 XL136) at: 13396072 km | more info: http://ssd.jpl.nasa.gov/sbdb.cgi?sstr=2496860
2022-01-07 18:34:56,909 - DEBUG - naked : Asteroid NOT in db
2022-01-07 18:34:56,913 - DEBUG - naked : Asteroid NOT in db
2022-01-07 18:34:56,916 - DEBUG - naked : Asteroid NOT in db
